{"E:\\Programocion\\varios\\Challenge Tecnicos\\42i-Challenge\\src\\Helpers\\TwoNumberSum\\index.tsx": {"path":"E:\\Programocion\\varios\\Challenge Tecnicos\\42i-Challenge\\src\\Helpers\\TwoNumberSum\\index.tsx","statementMap":{"0":{"start":{"line":1,"column":21},"end":{"line":12,"column":1}},"1":{"start":{"line":2,"column":45},"end":{"line":2,"column":47}},"2":{"start":{"line":3,"column":2},"end":{"line":9,"column":3}},"3":{"start":{"line":3,"column":15},"end":{"line":3,"column":16}},"4":{"start":{"line":4,"column":23},"end":{"line":4,"column":40}},"5":{"start":{"line":5,"column":4},"end":{"line":7,"column":5}},"6":{"start":{"line":6,"column":6},"end":{"line":6,"column":35}},"7":{"start":{"line":8,"column":4},"end":{"line":8,"column":24}},"8":{"start":{"line":11,"column":2},"end":{"line":11,"column":12}},"9":{"start":{"line":15,"column":0},"end":{"line":15,"column":29}}},"fnMap":{"0":{"name":"(anonymous_0)","decl":{"start":{"line":1,"column":21},"end":{"line":1,"column":22}},"loc":{"start":{"line":1,"column":67},"end":{"line":12,"column":1}}}},"branchMap":{"0":{"loc":{"start":{"line":5,"column":4},"end":{"line":7,"column":5}},"type":"if","locations":[{"start":{"line":5,"column":4},"end":{"line":7,"column":5}}]}},"s":{"0":1,"1":2,"2":2,"3":2,"4":7,"5":7,"6":1,"7":6,"8":1,"9":1},"f":{"0":2},"b":{"0":[1]}}
}
